<?xml version="1.0" encoding="UTF-8"?>
<testsuite xmlns:xsi="http://www.w3.org/2001/XMLSchema-instance" xsi:noNamespaceSchemaLocation="https://maven.apache.org/surefire/maven-surefire-plugin/xsd/surefire-test-report.xsd" name="TestSuite" time="69.24" tests="33" errors="0" skipped="0" failures="6">
  <properties>
    <property name="sun.desktop" value="windows"/>
    <property name="awt.toolkit" value="sun.awt.windows.WToolkit"/>
    <property name="file.encoding.pkg" value="sun.io"/>
    <property name="java.specification.version" value="1.8"/>
    <property name="sun.cpu.isalist" value="amd64"/>
    <property name="sun.jnu.encoding" value="Cp1252"/>
    <property name="java.class.path" value="C:\Users\kbuch\Desktop\test-project\ui-tests\target\test-classes;C:\Users\kbuch\Desktop\test-project\ui-tests\target\classes;C:\Users\kbuch\.m2\repository\com\codeborne\selenide\5.22.1\selenide-5.22.1.jar;C:\Users\kbuch\.m2\repository\org\seleniumhq\selenium\selenium-java\3.141.59\selenium-java-3.141.59.jar;C:\Users\kbuch\.m2\repository\org\seleniumhq\selenium\selenium-api\3.141.59\selenium-api-3.141.59.jar;C:\Users\kbuch\.m2\repository\org\seleniumhq\selenium\selenium-chrome-driver\3.141.59\selenium-chrome-driver-3.141.59.jar;C:\Users\kbuch\.m2\repository\org\seleniumhq\selenium\selenium-edge-driver\3.141.59\selenium-edge-driver-3.141.59.jar;C:\Users\kbuch\.m2\repository\org\seleniumhq\selenium\selenium-firefox-driver\3.141.59\selenium-firefox-driver-3.141.59.jar;C:\Users\kbuch\.m2\repository\org\seleniumhq\selenium\selenium-ie-driver\3.141.59\selenium-ie-driver-3.141.59.jar;C:\Users\kbuch\.m2\repository\org\seleniumhq\selenium\selenium-opera-driver\3.141.59\selenium-opera-driver-3.141.59.jar;C:\Users\kbuch\.m2\repository\org\seleniumhq\selenium\selenium-remote-driver\3.141.59\selenium-remote-driver-3.141.59.jar;C:\Users\kbuch\.m2\repository\org\seleniumhq\selenium\selenium-safari-driver\3.141.59\selenium-safari-driver-3.141.59.jar;C:\Users\kbuch\.m2\repository\org\seleniumhq\selenium\selenium-support\3.141.59\selenium-support-3.141.59.jar;C:\Users\kbuch\.m2\repository\net\bytebuddy\byte-buddy\1.8.15\byte-buddy-1.8.15.jar;C:\Users\kbuch\.m2\repository\org\apache\commons\commons-exec\1.3\commons-exec-1.3.jar;C:\Users\kbuch\.m2\repository\com\squareup\okhttp3\okhttp\3.11.0\okhttp-3.11.0.jar;C:\Users\kbuch\.m2\repository\com\squareup\okio\okio\1.14.0\okio-1.14.0.jar;C:\Users\kbuch\.m2\repository\io\github\bonigarcia\webdrivermanager\4.4.3\webdrivermanager-4.4.3.jar;C:\Users\kbuch\.m2\repository\commons-io\commons-io\2.8.0\commons-io-2.8.0.jar;C:\Users\kbuch\.m2\repository\com\google\code\gson\gson\2.8.6\gson-2.8.6.jar;C:\Users\kbuch\.m2\repository\org\apache\commons\commons-lang3\3.12.0\commons-lang3-3.12.0.jar;C:\Users\kbuch\.m2\repository\org\jsoup\jsoup\1.13.1\jsoup-1.13.1.jar;C:\Users\kbuch\.m2\repository\org\rauschig\jarchivelib\1.1.0\jarchivelib-1.1.0.jar;C:\Users\kbuch\.m2\repository\org\apache\commons\commons-compress\1.20\commons-compress-1.20.jar;C:\Users\kbuch\.m2\repository\org\apache\httpcomponents\client5\httpclient5\5.1\httpclient5-5.1.jar;C:\Users\kbuch\.m2\repository\org\apache\httpcomponents\core5\httpcore5\5.1.1\httpcore5-5.1.1.jar;C:\Users\kbuch\.m2\repository\org\apache\httpcomponents\core5\httpcore5-h2\5.1.1\httpcore5-h2-5.1.1.jar;C:\Users\kbuch\.m2\repository\commons-codec\commons-codec\1.15\commons-codec-1.15.jar;C:\Users\kbuch\.m2\repository\com\google\guava\guava\30.1.1-jre\guava-30.1.1-jre.jar;C:\Users\kbuch\.m2\repository\com\google\guava\failureaccess\1.0.1\failureaccess-1.0.1.jar;C:\Users\kbuch\.m2\repository\com\google\guava\listenablefuture\9999.0-empty-to-avoid-conflict-with-guava\listenablefuture-9999.0-empty-to-avoid-conflict-with-guava.jar;C:\Users\kbuch\.m2\repository\com\google\code\findbugs\jsr305\3.0.2\jsr305-3.0.2.jar;C:\Users\kbuch\.m2\repository\org\checkerframework\checker-qual\3.8.0\checker-qual-3.8.0.jar;C:\Users\kbuch\.m2\repository\com\google\errorprone\error_prone_annotations\2.5.1\error_prone_annotations-2.5.1.jar;C:\Users\kbuch\.m2\repository\com\google\j2objc\j2objc-annotations\1.3\j2objc-annotations-1.3.jar;C:\Users\kbuch\.m2\repository\org\slf4j\slf4j-api\1.7.30\slf4j-api-1.7.30.jar;C:\Users\kbuch\.m2\repository\junit\junit\4.11\junit-4.11.jar;C:\Users\kbuch\.m2\repository\org\hamcrest\hamcrest-core\1.3\hamcrest-core-1.3.jar;C:\Users\kbuch\.m2\repository\org\testng\testng\7.4.0\testng-7.4.0.jar;C:\Users\kbuch\.m2\repository\com\beust\jcommander\1.78\jcommander-1.78.jar;C:\Users\kbuch\.m2\repository\org\webjars\jquery\3.5.1\jquery-3.5.1.jar;C:\Users\kbuch\.m2\repository\com\fasterxml\jackson\core\jackson-databind\2.13.0\jackson-databind-2.13.0.jar;C:\Users\kbuch\.m2\repository\com\fasterxml\jackson\core\jackson-annotations\2.13.0\jackson-annotations-2.13.0.jar;C:\Users\kbuch\.m2\repository\com\fasterxml\jackson\core\jackson-core\2.13.0\jackson-core-2.13.0.jar;C:\Users\kbuch\.m2\repository\com\googlecode\json-simple\json-simple\1.1.1\json-simple-1.1.1.jar;"/>
    <property name="java.vm.vendor" value="Oracle Corporation"/>
    <property name="sun.arch.data.model" value="64"/>
    <property name="user.variant" value=""/>
    <property name="java.vendor.url" value="http://java.oracle.com/"/>
    <property name="user.timezone" value="Europe/Helsinki"/>
    <property name="java.vm.specification.version" value="1.8"/>
    <property name="os.name" value="Windows 10"/>
    <property name="user.country" value="US"/>
    <property name="sun.java.launcher" value="SUN_STANDARD"/>
    <property name="sun.boot.library.path" value="C:\Program Files\Java\jdk1.8.0_291\jre\bin"/>
    <property name="sun.java.command" value="C:\Users\kbuch\AppData\Local\Temp\surefire1769841580002847485\surefirebooter4629697124544912821.jar C:\Users\kbuch\AppData\Local\Temp\surefire1769841580002847485 2021-10-31T18-02-32_330-jvmRun1 surefire3363493798711693870tmp surefire_0472870958947059270tmp"/>
    <property name="surefire.test.class.path" value="C:\Users\kbuch\Desktop\test-project\ui-tests\target\test-classes;C:\Users\kbuch\Desktop\test-project\ui-tests\target\classes;C:\Users\kbuch\.m2\repository\com\codeborne\selenide\5.22.1\selenide-5.22.1.jar;C:\Users\kbuch\.m2\repository\org\seleniumhq\selenium\selenium-java\3.141.59\selenium-java-3.141.59.jar;C:\Users\kbuch\.m2\repository\org\seleniumhq\selenium\selenium-api\3.141.59\selenium-api-3.141.59.jar;C:\Users\kbuch\.m2\repository\org\seleniumhq\selenium\selenium-chrome-driver\3.141.59\selenium-chrome-driver-3.141.59.jar;C:\Users\kbuch\.m2\repository\org\seleniumhq\selenium\selenium-edge-driver\3.141.59\selenium-edge-driver-3.141.59.jar;C:\Users\kbuch\.m2\repository\org\seleniumhq\selenium\selenium-firefox-driver\3.141.59\selenium-firefox-driver-3.141.59.jar;C:\Users\kbuch\.m2\repository\org\seleniumhq\selenium\selenium-ie-driver\3.141.59\selenium-ie-driver-3.141.59.jar;C:\Users\kbuch\.m2\repository\org\seleniumhq\selenium\selenium-opera-driver\3.141.59\selenium-opera-driver-3.141.59.jar;C:\Users\kbuch\.m2\repository\org\seleniumhq\selenium\selenium-remote-driver\3.141.59\selenium-remote-driver-3.141.59.jar;C:\Users\kbuch\.m2\repository\org\seleniumhq\selenium\selenium-safari-driver\3.141.59\selenium-safari-driver-3.141.59.jar;C:\Users\kbuch\.m2\repository\org\seleniumhq\selenium\selenium-support\3.141.59\selenium-support-3.141.59.jar;C:\Users\kbuch\.m2\repository\net\bytebuddy\byte-buddy\1.8.15\byte-buddy-1.8.15.jar;C:\Users\kbuch\.m2\repository\org\apache\commons\commons-exec\1.3\commons-exec-1.3.jar;C:\Users\kbuch\.m2\repository\com\squareup\okhttp3\okhttp\3.11.0\okhttp-3.11.0.jar;C:\Users\kbuch\.m2\repository\com\squareup\okio\okio\1.14.0\okio-1.14.0.jar;C:\Users\kbuch\.m2\repository\io\github\bonigarcia\webdrivermanager\4.4.3\webdrivermanager-4.4.3.jar;C:\Users\kbuch\.m2\repository\commons-io\commons-io\2.8.0\commons-io-2.8.0.jar;C:\Users\kbuch\.m2\repository\com\google\code\gson\gson\2.8.6\gson-2.8.6.jar;C:\Users\kbuch\.m2\repository\org\apache\commons\commons-lang3\3.12.0\commons-lang3-3.12.0.jar;C:\Users\kbuch\.m2\repository\org\jsoup\jsoup\1.13.1\jsoup-1.13.1.jar;C:\Users\kbuch\.m2\repository\org\rauschig\jarchivelib\1.1.0\jarchivelib-1.1.0.jar;C:\Users\kbuch\.m2\repository\org\apache\commons\commons-compress\1.20\commons-compress-1.20.jar;C:\Users\kbuch\.m2\repository\org\apache\httpcomponents\client5\httpclient5\5.1\httpclient5-5.1.jar;C:\Users\kbuch\.m2\repository\org\apache\httpcomponents\core5\httpcore5\5.1.1\httpcore5-5.1.1.jar;C:\Users\kbuch\.m2\repository\org\apache\httpcomponents\core5\httpcore5-h2\5.1.1\httpcore5-h2-5.1.1.jar;C:\Users\kbuch\.m2\repository\commons-codec\commons-codec\1.15\commons-codec-1.15.jar;C:\Users\kbuch\.m2\repository\com\google\guava\guava\30.1.1-jre\guava-30.1.1-jre.jar;C:\Users\kbuch\.m2\repository\com\google\guava\failureaccess\1.0.1\failureaccess-1.0.1.jar;C:\Users\kbuch\.m2\repository\com\google\guava\listenablefuture\9999.0-empty-to-avoid-conflict-with-guava\listenablefuture-9999.0-empty-to-avoid-conflict-with-guava.jar;C:\Users\kbuch\.m2\repository\com\google\code\findbugs\jsr305\3.0.2\jsr305-3.0.2.jar;C:\Users\kbuch\.m2\repository\org\checkerframework\checker-qual\3.8.0\checker-qual-3.8.0.jar;C:\Users\kbuch\.m2\repository\com\google\errorprone\error_prone_annotations\2.5.1\error_prone_annotations-2.5.1.jar;C:\Users\kbuch\.m2\repository\com\google\j2objc\j2objc-annotations\1.3\j2objc-annotations-1.3.jar;C:\Users\kbuch\.m2\repository\org\slf4j\slf4j-api\1.7.30\slf4j-api-1.7.30.jar;C:\Users\kbuch\.m2\repository\junit\junit\4.11\junit-4.11.jar;C:\Users\kbuch\.m2\repository\org\hamcrest\hamcrest-core\1.3\hamcrest-core-1.3.jar;C:\Users\kbuch\.m2\repository\org\testng\testng\7.4.0\testng-7.4.0.jar;C:\Users\kbuch\.m2\repository\com\beust\jcommander\1.78\jcommander-1.78.jar;C:\Users\kbuch\.m2\repository\org\webjars\jquery\3.5.1\jquery-3.5.1.jar;C:\Users\kbuch\.m2\repository\com\fasterxml\jackson\core\jackson-databind\2.13.0\jackson-databind-2.13.0.jar;C:\Users\kbuch\.m2\repository\com\fasterxml\jackson\core\jackson-annotations\2.13.0\jackson-annotations-2.13.0.jar;C:\Users\kbuch\.m2\repository\com\fasterxml\jackson\core\jackson-core\2.13.0\jackson-core-2.13.0.jar;C:\Users\kbuch\.m2\repository\com\googlecode\json-simple\json-simple\1.1.1\json-simple-1.1.1.jar;"/>
    <property name="sun.cpu.endian" value="little"/>
    <property name="user.home" value="C:\Users\kbuch"/>
    <property name="user.language" value="en"/>
    <property name="java.specification.vendor" value="Oracle Corporation"/>
    <property name="java.home" value="C:\Program Files\Java\jdk1.8.0_291\jre"/>
    <property name="basedir" value="C:\Users\kbuch\Desktop\test-project\ui-tests"/>
    <property name="file.separator" value="\"/>
    <property name="line.separator" value="&#10;"/>
    <property name="java.vm.specification.vendor" value="Oracle Corporation"/>
    <property name="java.specification.name" value="Java Platform API Specification"/>
    <property name="java.awt.graphicsenv" value="sun.awt.Win32GraphicsEnvironment"/>
    <property name="surefire.real.class.path" value="C:\Users\kbuch\AppData\Local\Temp\surefire1769841580002847485\surefirebooter4629697124544912821.jar"/>
    <property name="sun.boot.class.path" value="C:\Program Files\Java\jdk1.8.0_291\jre\lib\resources.jar;C:\Program Files\Java\jdk1.8.0_291\jre\lib\rt.jar;C:\Program Files\Java\jdk1.8.0_291\jre\lib\sunrsasign.jar;C:\Program Files\Java\jdk1.8.0_291\jre\lib\jsse.jar;C:\Program Files\Java\jdk1.8.0_291\jre\lib\jce.jar;C:\Program Files\Java\jdk1.8.0_291\jre\lib\charsets.jar;C:\Program Files\Java\jdk1.8.0_291\jre\lib\jfr.jar;C:\Program Files\Java\jdk1.8.0_291\jre\classes"/>
    <property name="user.script" value=""/>
    <property name="sun.management.compiler" value="HotSpot 64-Bit Tiered Compilers"/>
    <property name="java.runtime.version" value="1.8.0_291-b10"/>
    <property name="user.name" value="kbuch"/>
    <property name="SuiteXMLFile" value="testng.xml"/>
    <property name="path.separator" value=";"/>
    <property name="os.version" value="10.0"/>
    <property name="java.endorsed.dirs" value="C:\Program Files\Java\jdk1.8.0_291\jre\lib\endorsed"/>
    <property name="java.runtime.name" value="Java(TM) SE Runtime Environment"/>
    <property name="file.encoding" value="Cp1252"/>
    <property name="java.vm.name" value="Java HotSpot(TM) 64-Bit Server VM"/>
    <property name="localRepository" value="C:\Users\kbuch\.m2\repository"/>
    <property name="java.vendor.url.bug" value="http://bugreport.sun.com/bugreport/"/>
    <property name="java.io.tmpdir" value="C:\Users\kbuch\AppData\Local\Temp\"/>
    <property name="java.version" value="1.8.0_291"/>
    <property name="user.dir" value="C:\Users\kbuch\Desktop\test-project\ui-tests"/>
    <property name="os.arch" value="amd64"/>
    <property name="java.vm.specification.name" value="Java Virtual Machine Specification"/>
    <property name="java.awt.printerjob" value="sun.awt.windows.WPrinterJob"/>
    <property name="sun.os.patch.level" value=""/>
    <property name="java.library.path" value="C:\Program Files\Java\jdk1.8.0_291\jre\bin;C:\Windows\Sun\Java\bin;C:\Windows\system32;C:\Windows;C:\Program Files (x86)\Common Files\Oracle\Java\javapath;C:\Windows\system32;C:\Windows;C:\Windows\System32\Wbem;C:\Windows\System32\WindowsPowerShell\v1.0\;C:\Windows\System32\OpenSSH\;C:\Program Files\Java\jdk1.8.0_291\bin;C:\Program Files\Git\cmd;C:\Users\kbuch\Downloads\apache-maven-3.8.1\bin;C:\allure-comandline\allure-2.15.0\bin;;C:\Program Files\Docker\Docker\resources\bin;C:\ProgramData\DockerDesktop\version-bin;C:\Users\kbuch\AppData\Local\Microsoft\WindowsApps;;."/>
    <property name="java.vm.info" value="mixed mode"/>
    <property name="java.vendor" value="Oracle Corporation"/>
    <property name="java.vm.version" value="25.291-b10"/>
    <property name="java.ext.dirs" value="C:\Program Files\Java\jdk1.8.0_291\jre\lib\ext;C:\Windows\Sun\Java\lib\ext"/>
    <property name="sun.io.unicode.encoding" value="UnicodeLittle"/>
    <property name="java.class.version" value="52.0"/>
  </properties>
  <testcase name="checkFormIsSubmitted" classname="com.seasy.ui.tests.AjaxSubmitFormTest" time="10.229"/>
  <testcase name="checkRequiredNameField" classname="com.seasy.ui.tests.AjaxSubmitFormTest" time="0.683"/>
  <testcase name="submitForm" classname="com.seasy.ui.tests.AjaxSubmitFormTest" time="1.026"/>
  <testcase name="checkAllCheckboxesAreSelected" classname="com.seasy.ui.tests.CheckBoxTest" time="5.834">
    <failure message="Element should have attribute value=&quot;Check All&quot; {#check1}&#10;Element: &apos;&lt;input class=&quot;btn btn-primary&quot; id=&quot;check1&quot; type=&quot;button&quot; value=&quot;Uncheck All&quot;&gt;&lt;/input&gt;&apos;&#10;Actual value: value=&quot;Uncheck All&quot;&#10;Screenshot: file:/C:/Users/kbuch/Desktop/test-project/ui-tests/build/reports/tests/1635696171581.0.png&#10;Page source: file:/C:/Users/kbuch/Desktop/test-project/ui-tests/build/reports/tests/1635696171581.0.html&#10;Timeout: 4 s." type="com.codeborne.selenide.ex.ElementShould"><![CDATA[com.codeborne.selenide.ex.ElementShould: 
Element should have attribute value="Check All" {#check1}
Element: '<input class="btn btn-primary" id="check1" type="button" value="Uncheck All"></input>'
Actual value: value="Uncheck All"
Screenshot: file:/C:/Users/kbuch/Desktop/test-project/ui-tests/build/reports/tests/1635696171581.0.png
Page source: file:/C:/Users/kbuch/Desktop/test-project/ui-tests/build/reports/tests/1635696171581.0.html
Timeout: 4 s.
	at com.seasy.ui.tests.CheckBoxTest.checkAllCheckboxesAreSelected(CheckBoxTest.java:42)
]]></failure>
  </testcase>
  <testcase name="checkCheckAllButtonWithOneUnselectedCheckbox" classname="com.seasy.ui.tests.CheckBoxTest" time="1.435"/>
  <testcase name="checkMultipleCheckBoxIsSelected" classname="com.seasy.ui.tests.CheckBoxTest" time="0.663"/>
  <testcase name="checkMultipleCheckBoxIsUnselected" classname="com.seasy.ui.tests.CheckBoxTest" time="1.203"/>
  <testcase name="checkUnselectOfSelectedCheckBoxTest" classname="com.seasy.ui.tests.CheckBoxTest" time="0.558"/>
  <testcase name="checkUnselectedCheckBox" classname="com.seasy.ui.tests.CheckBoxTest" time="0.394"/>
  <testcase name="selectSingleCheckBoxTest" classname="com.seasy.ui.tests.CheckBoxTest" time="0.505"/>
  <testcase name="checkSelectedCities" classname="com.seasy.ui.tests.DropDownTests" time="5.02">
    <failure message="Element should be text &apos;Options selected are : Ohio,Florida&apos; {.getall-selected}&#10;Element: &apos;&lt;p class=&quot;getall-selected&quot;&gt;Options selected are : Florida&lt;/p&gt;&apos;&#10;Screenshot: file:/C:/Users/kbuch/Desktop/test-project/ui-tests/build/reports/tests/1635696181402.1.png&#10;Page source: file:/C:/Users/kbuch/Desktop/test-project/ui-tests/build/reports/tests/1635696181402.1.html&#10;Timeout: 4 s." type="com.codeborne.selenide.ex.ElementShould"><![CDATA[com.codeborne.selenide.ex.ElementShould: 
Element should be text 'Options selected are : Ohio,Florida' {.getall-selected}
Element: '<p class="getall-selected">Options selected are : Florida</p>'
Screenshot: file:/C:/Users/kbuch/Desktop/test-project/ui-tests/build/reports/tests/1635696181402.1.png
Page source: file:/C:/Users/kbuch/Desktop/test-project/ui-tests/build/reports/tests/1635696181402.1.html
Timeout: 4 s.
	at com.seasy.ui.tests.DropDownTests.checkSelectedCities(DropDownTests.java:33)
]]></failure>
  </testcase>
  <testcase name="checkSelectedCity" classname="com.seasy.ui.tests.DropDownTests" time="1.523"/>
  <testcase name="checkSelectedDayFromDropDown" classname="com.seasy.ui.tests.DropDownTests" time="1.684">
    <failure message="&#10;Parameter &apos;singleDayDropDown&apos; is required by @Test on method checkSelectedDayFromDropDown but has not been marked @Optional or defined&#10;" type="org.testng.TestNGException">org.testng.TestNGException: 

Parameter 'singleDayDropDown' is required by @Test on method checkSelectedDayFromDropDown but has not been marked @Optional or defined

</failure>
    <system-err><![CDATA[[Utils] [ERROR] [Error] org.testng.TestNGException: 
Parameter &apos;singleDayDropDown&apos; is required by @Test on method checkSelectedDayFromDropDown but has not been marked @Optional or defined

	at org.testng.internal.Parameters.createParams(Parameters.java:270)
	at org.testng.internal.Parameters.createParametersForMethod(Parameters.java:358)
	at org.testng.internal.Parameters.createParameters(Parameters.java:700)
	at org.testng.internal.Parameters.handleParameters(Parameters.java:884)
	at org.testng.internal.Parameters.handleParameters(Parameters.java:740)
	at org.testng.internal.ParameterHandler.handleParameters(ParameterHandler.java:59)
	at org.testng.internal.ParameterHandler.createParameters(ParameterHandler.java:38)
	at org.testng.internal.TestInvoker$MethodInvocationAgent.invoke(TestInvoker.java:791)
	at org.testng.internal.TestInvoker.invokeTestMethods(TestInvoker.java:146)
	at org.testng.internal.TestMethodWorker.invokeTestMethods(TestMethodWorker.java:146)
	at org.testng.internal.TestMethodWorker.run(TestMethodWorker.java:128)
	at java.util.ArrayList.forEach(ArrayList.java:1259)
	at org.testng.TestRunner.privateRun(TestRunner.java:794)
	at org.testng.TestRunner.run(TestRunner.java:596)
	at org.testng.SuiteRunner.runTest(SuiteRunner.java:377)
	at org.testng.SuiteRunner.runSequentially(SuiteRunner.java:371)
	at org.testng.SuiteRunner.privateRun(SuiteRunner.java:332)
	at org.testng.SuiteRunner.run(SuiteRunner.java:276)
	at org.testng.SuiteRunnerWorker.runSuite(SuiteRunnerWorker.java:53)
	at org.testng.SuiteRunnerWorker.run(SuiteRunnerWorker.java:96)
	at org.testng.TestNG.runSuitesSequentially(TestNG.java:1212)
	at org.testng.TestNG.runSuitesLocally(TestNG.java:1134)
	at org.testng.TestNG.runSuites(TestNG.java:1063)
	at org.testng.TestNG.run(TestNG.java:1031)
	at org.apache.maven.surefire.testng.TestNGExecutor.run(TestNGExecutor.java:135)
	at org.apache.maven.surefire.testng.TestNGDirectoryTestSuite.executeMulti(TestNGDirectoryTestSuite.java:193)
	at org.apache.maven.surefire.testng.TestNGDirectoryTestSuite.execute(TestNGDirectoryTestSuite.java:94)
	at org.apache.maven.surefire.testng.TestNGProvider.invoke(TestNGProvider.java:146)
	at org.apache.maven.surefire.booter.ForkedBooter.invokeProviderInSameClassLoader(ForkedBooter.java:384)
	at org.apache.maven.surefire.booter.ForkedBooter.runSuitesInProcess(ForkedBooter.java:345)
	at org.apache.maven.surefire.booter.ForkedBooter.execute(ForkedBooter.java:126)
	at org.apache.maven.surefire.booter.ForkedBooter.main(ForkedBooter.java:418)

]]></system-err>
  </testcase>
  <testcase name="checkDeletedFirstName" classname="com.seasy.ui.tests.InputFormSubmitTest" time="1.588"/>
  <testcase name="checkFromSubmitWithAllDataEntered" classname="com.seasy.ui.tests.InputFormSubmitTest" time="3.555"/>
  <testcase name="checkSubmitButtonIsDisabled" classname="com.seasy.ui.tests.InputFormSubmitTest" time="1.174"/>
  <testcase name="checkCategoriesOptions" classname="com.seasy.ui.tests.JQuerySelectDropDownTest" time="5.014">
    <failure message="Element not found {optgroup.findBy(text &apos;Scripting languages&apos;)}&#10;Expected: exist&#10;Screenshot: file:/C:/Users/kbuch/Desktop/test-project/ui-tests/build/reports/tests/1635696194405.2.png&#10;Page source: file:/C:/Users/kbuch/Desktop/test-project/ui-tests/build/reports/tests/1635696194405.2.html&#10;Timeout: 4 s.&#10;Caused by: Element not found {optgroup.findBy(text &apos;Scripting languages&apos;)}&#10;Expected: text &apos;Scripting languages&apos;&#10;Timeout: 0 ms." type="com.codeborne.selenide.ex.ElementNotFound">com.codeborne.selenide.ex.ElementNotFound: 
Element not found {optgroup.findBy(text 'Scripting languages')}
Expected: exist
Screenshot: file:/C:/Users/kbuch/Desktop/test-project/ui-tests/build/reports/tests/1635696194405.2.png
Page source: file:/C:/Users/kbuch/Desktop/test-project/ui-tests/build/reports/tests/1635696194405.2.html
Timeout: 4 s.
Caused by: Element not found {optgroup.findBy(text 'Scripting languages')}
Expected: text 'Scripting languages'
Timeout: 0 ms.
	at com.seasy.ui.tests.JQuerySelectDropDownTest.checkCategoriesOptions(JQuerySelectDropDownTest.java:56)
Caused by: com.codeborne.selenide.ex.ElementNotFound: 
Element not found {optgroup.findBy(text 'Scripting languages')}
Expected: text 'Scripting languages'
Timeout: 0 ms.
	at com.seasy.ui.tests.JQuerySelectDropDownTest.checkCategoriesOptions(JQuerySelectDropDownTest.java:56)
</failure>
  </testcase>
  <testcase name="checkCategoriesOptionsInNotEmpty" classname="com.seasy.ui.tests.JQuerySelectDropDownTest" time="0.561"/>
  <testcase name="checkNoResultFound" classname="com.seasy.ui.tests.JQuerySelectDropDownTest" time="0.758"/>
  <testcase name="checkSelectedCountry" classname="com.seasy.ui.tests.JQuerySelectDropDownTest" time="0.72"/>
  <testcase name="checkSelectedRandomItems" classname="com.seasy.ui.tests.JQuerySelectDropDownTest" time="0.536"/>
  <testcase name="checkSelectedState" classname="com.seasy.ui.tests.JQuerySelectDropDownTest" time="6.928">
    <failure message="Element should not have attribute class=&quot;select2-selection__choice&quot; {$$(2 elements)[0]}&#10;Element: &apos;&lt;li class=&quot;select2-selection__choice&quot; title=&quot;Iowa&quot; type value=&quot;0&quot;&gt;×Iowa&lt;/li&gt;&apos;&#10;Actual value: class=&quot;select2-selection__choice&quot;&#10;Screenshot: file:/C:/Users/kbuch/Desktop/test-project/ui-tests/build/reports/tests/1635696203906.3.png&#10;Page source: file:/C:/Users/kbuch/Desktop/test-project/ui-tests/build/reports/tests/1635696203906.3.html&#10;Timeout: 4 s." type="com.codeborne.selenide.ex.ElementShouldNot"><![CDATA[com.codeborne.selenide.ex.ElementShouldNot: 
Element should not have attribute class="select2-selection__choice" {$$(2 elements)[0]}
Element: '<li class="select2-selection__choice" title="Iowa" type value="0">×Iowa</li>'
Actual value: class="select2-selection__choice"
Screenshot: file:/C:/Users/kbuch/Desktop/test-project/ui-tests/build/reports/tests/1635696203906.3.png
Page source: file:/C:/Users/kbuch/Desktop/test-project/ui-tests/build/reports/tests/1635696203906.3.html
Timeout: 4 s.
	at com.seasy.ui.tests.JQuerySelectDropDownTest.checkSelectedState(JQuerySelectDropDownTest.java:24)
]]></failure>
  </testcase>
  <testcase name="checkSelectedUsTerritories" classname="com.seasy.ui.tests.JQuerySelectDropDownTest" time="1.379"/>
  <testcase name="checkFemaleGenderAndZeroToFiveAgeGroup" classname="com.seasy.ui.tests.RadioButtonPageTest" time="0.779"/>
  <testcase name="checkMaleGenderAndFiveToFifteenAgeGroup" classname="com.seasy.ui.tests.RadioButtonPageTest" time="1.862"/>
  <testcase name="checkSelectMaleRadioButton" classname="com.seasy.ui.tests.RadioButtonPageTest" time="0.834"/>
  <testcase name="checkSelectedFemaleRadioButton" classname="com.seasy.ui.tests.RadioButtonPageTest" time="0.597"/>
  <testcase name="checkUnselectedValue" classname="com.seasy.ui.tests.RadioButtonPageTest" time="4.646">
    <failure message="Element should have text &apos;Radio button is Not checked&apos; {.groupradiobutton}&#10;Element: &apos;&lt;p class=&quot;groupradiobutton&quot; displayed:false&gt;&lt;/p&gt;&apos;&#10;Screenshot: file:/C:/Users/kbuch/Desktop/test-project/ui-tests/build/reports/tests/1635696214008.4.png&#10;Page source: file:/C:/Users/kbuch/Desktop/test-project/ui-tests/build/reports/tests/1635696214008.4.html&#10;Timeout: 4 s." type="com.codeborne.selenide.ex.ElementShould"><![CDATA[com.codeborne.selenide.ex.ElementShould: 
Element should have text 'Radio button is Not checked' {.groupradiobutton}
Element: '<p class="groupradiobutton" displayed:false></p>'
Screenshot: file:/C:/Users/kbuch/Desktop/test-project/ui-tests/build/reports/tests/1635696214008.4.png
Page source: file:/C:/Users/kbuch/Desktop/test-project/ui-tests/build/reports/tests/1635696214008.4.html
Timeout: 4 s.
	at com.seasy.ui.tests.RadioButtonPageTest.checkUnselectedValue(RadioButtonPageTest.java:27)
]]></failure>
  </testcase>
  <testcase name="checkEmptyMessageTest" classname="com.seasy.ui.tests.SimpleFormTest" time="3.124"/>
  <testcase name="checkTotalResultWithEmptyFieldsTest" classname="com.seasy.ui.tests.SimpleFormTest" time="1.825"/>
  <testcase name="checkTotalResultWithIntegerValuesTest" classname="com.seasy.ui.tests.SimpleFormTest" time="1.247"/>
  <testcase name="checkTotalResultWithStringValuesTest" classname="com.seasy.ui.tests.SimpleFormTest" time="1.032"/>
  <testcase name="checkYourMessageTest" classname="com.seasy.ui.tests.SimpleFormTest" time="0.954"/>
</testsuite>