<?xml version="1.0" encoding="UTF-8"?>
<!-- Generated by org.testng.reporters.JUnitReportReporter -->
<testsuite skipped="0" hostname="5CD110DGDQ" name="com.seasy.ui.tests.form.CheckBoxTests" tests="7" failures="0" timestamp="2022-04-22T12:06:21 EEST" time="11.219" errors="0">
  <testcase name="checkCheckAllButtonWithOneUnselectedCheckbox" time="1.318" classname="com.seasy.ui.tests.form.CheckBoxTests"/>
  <system-out/>
  <testcase name="checkUnselectOfSelectedCheckBoxTest" time="0.579" classname="com.seasy.ui.tests.form.CheckBoxTests"/>
  <system-out/>
  <testcase name="selectSingleCheckBoxTest" time="0.494" classname="com.seasy.ui.tests.form.CheckBoxTests"/>
  <system-out/>
  <testcase name="checkUnselectedCheckBox" time="0.449" classname="com.seasy.ui.tests.form.CheckBoxTests"/>
  <system-out/>
  <testcase name="checkMultipleCheckBoxIsUnselected" time="1.293" classname="com.seasy.ui.tests.form.CheckBoxTests"/>
  <system-out/>
  <testcase name="checkMultipleCheckBoxIsSelected" time="0.722" classname="com.seasy.ui.tests.form.CheckBoxTests"/>
  <system-out/>
  <testcase name="checkAllCheckboxesAreSelected" time="6.364" classname="com.seasy.ui.tests.form.CheckBoxTests"/>
  <system-out/>
</testsuite> <!-- com.seasy.ui.tests.form.CheckBoxTests -->
