<?xml version="1.0" encoding="UTF-8"?>
<!-- Generated by org.testng.reporters.JUnitReportReporter -->
<testsuite skipped="0" hostname="5CD110DGDQ" name="com.seasy.ui.tests.SimpleFormTest" tests="2" failures="0" timestamp="2021-11-18T11:50:57 EET" time="14.559" errors="0">
  <testcase name="checkYourMessageTest" time="7.348" classname="com.seasy.ui.tests.SimpleFormTest"/>
  <system-out/>
  <testcase name="checkEmptyMessageTest" time="7.211" classname="com.seasy.ui.tests.SimpleFormTest"/>
  <system-out/>
</testsuite> <!-- com.seasy.ui.tests.SimpleFormTest -->
