<?xml version="1.0" encoding="UTF-8"?>
<!-- Generated by org.testng.reporters.JUnitReportReporter -->
<testsuite skipped="0" hostname="5CD110DGDQ" name="com.seasy.ui.tests.form.CheckBoxTests" tests="7" failures="0" timestamp="2022-07-31T17:59:50 EEST" time="12.220" errors="0">
  <testcase name="checkCheckAllButtonWithOneUnselectedCheckbox" time="1.608" classname="com.seasy.ui.tests.form.CheckBoxTests"/>
  <system-out/>
  <testcase name="checkMultipleCheckBoxIsUnselected" time="1.513" classname="com.seasy.ui.tests.form.CheckBoxTests"/>
  <system-out/>
  <testcase name="selectSingleCheckBoxTest" time="0.437" classname="com.seasy.ui.tests.form.CheckBoxTests"/>
  <system-out/>
  <testcase name="checkMultipleCheckBoxIsSelected" time="0.750" classname="com.seasy.ui.tests.form.CheckBoxTests"/>
  <system-out/>
  <testcase name="checkAllCheckboxesAreSelected" time="6.973" classname="com.seasy.ui.tests.form.CheckBoxTests"/>
  <system-out/>
  <testcase name="checkUnselectedCheckBox" time="0.360" classname="com.seasy.ui.tests.form.CheckBoxTests"/>
  <system-out/>
  <testcase name="checkUnselectOfSelectedCheckBoxTest" time="0.579" classname="com.seasy.ui.tests.form.CheckBoxTests"/>
  <system-out/>
</testsuite> <!-- com.seasy.ui.tests.form.CheckBoxTests -->
