<?xml version="1.0" encoding="UTF-8"?>
<!-- Generated by org.testng.reporters.JUnitReportReporter -->
<testsuite skipped="0" hostname="5CD110DGDQ" name="com.seasy.ui.tests.SimpleFormTest" tests="5" failures="0" timestamp="2021-07-21T15:54:50 EEST" time="4.244" errors="0">
  <testcase name="checkTotalResultWithIntegerVeluesTest" time="0.815" classname="com.seasy.ui.tests.SimpleFormTest"/>
  <system-out/>
  <testcase name="checkEmptyMessageTest" time="1.134" classname="com.seasy.ui.tests.SimpleFormTest"/>
  <system-out/>
  <testcase name="checkTotalResultWithEmptyFieldsTest" time="0.778" classname="com.seasy.ui.tests.SimpleFormTest"/>
  <system-out/>
  <testcase name="checkTotalResultWithSrtingValuesTest" time="0.897" classname="com.seasy.ui.tests.SimpleFormTest"/>
  <system-out/>
  <testcase name="checkYourMessageTest" time="0.620" classname="com.seasy.ui.tests.SimpleFormTest"/>
  <system-out/>
</testsuite> <!-- com.seasy.ui.tests.SimpleFormTest -->
