<?xml version="1.0" encoding="UTF-8"?>
<!-- Generated by org.testng.reporters.JUnitReportReporter -->
<testsuite skipped="0" hostname="5CD110DGDQ" name="com.seasy.ui.tests.FormTests.AjaxSubmitFormTest" tests="3" failures="0" timestamp="2021-12-12T18:27:42 EET" time="12.591" errors="0">
  <testcase name="submitForm" time="4.445" classname="com.seasy.ui.tests.FormTests.AjaxSubmitFormTest"/>
  <system-out/>
  <testcase name="checkFormIsSubmitted" time="5.577" classname="com.seasy.ui.tests.FormTests.AjaxSubmitFormTest"/>
  <system-out/>
  <testcase name="checkRequiredNameField" time="2.569" classname="com.seasy.ui.tests.FormTests.AjaxSubmitFormTest"/>
  <system-out/>
</testsuite> <!-- com.seasy.ui.tests.FormTests.AjaxSubmitFormTest -->
