<?xml version="1.0" encoding="UTF-8"?>
<!-- Generated by org.testng.reporters.JUnitReportReporter -->
<testsuite skipped="0" hostname="5CD110DGDQ" name="com.seasy.ui.tests.FormTests.SimpleFormTest" tests="5" failures="0" timestamp="2021-11-20T19:42:10 EET" time="207.579" errors="0">
  <testcase name="checkTotalResultWithStringValuesTest" time="41.937" classname="com.seasy.ui.tests.FormTests.SimpleFormTest"/>
  <system-out/>
  <testcase name="checkTotalResultWithIntegerValuesTest" time="41.683" classname="com.seasy.ui.tests.FormTests.SimpleFormTest"/>
  <system-out/>
  <testcase name="checkYourMessageTest" time="41.669" classname="com.seasy.ui.tests.FormTests.SimpleFormTest"/>
  <system-out/>
  <testcase name="checkTotalResultWithEmptyFieldsTest" time="41.251" classname="com.seasy.ui.tests.FormTests.SimpleFormTest"/>
  <system-out/>
  <testcase name="checkEmptyMessageTest" time="41.039" classname="com.seasy.ui.tests.FormTests.SimpleFormTest"/>
  <system-out/>
</testsuite> <!-- com.seasy.ui.tests.FormTests.SimpleFormTest -->
