<?xml version="1.0" encoding="UTF-8"?>
<!-- Generated by org.testng.reporters.JUnitReportReporter -->
<testsuite skipped="0" hostname="5CD110DGDQ" name="com.seasy.ui.tests.FormTests.InputFormSubmitTest" tests="3" failures="0" timestamp="2021-11-20T19:42:10 EET" time="14.480" errors="0">
  <testcase name="checkFromSubmitWithAllDataEntered" time="9.348" classname="com.seasy.ui.tests.FormTests.InputFormSubmitTest"/>
  <system-out/>
  <testcase name="checkSubmitButtonIsDisabled" time="2.500" classname="com.seasy.ui.tests.FormTests.InputFormSubmitTest"/>
  <system-out/>
  <testcase name="checkDeletedFirstName" time="2.632" classname="com.seasy.ui.tests.FormTests.InputFormSubmitTest"/>
  <system-out/>
</testsuite> <!-- com.seasy.ui.tests.FormTests.InputFormSubmitTest -->
