<?xml version="1.0" encoding="UTF-8"?>
<!-- Generated by org.testng.reporters.JUnitReportReporter -->
<testsuite skipped="0" hostname="5CD110DGDQ" name="com.seasy.ui.tests.form.tests.SimpleFormTest" tests="5" failures="0" timestamp="2022-02-20T16:41:24 EET" time="43.187" errors="0">
  <testcase name="checkYourMessageTest" time="8.645" classname="com.seasy.ui.tests.form.tests.SimpleFormTest"/>
  <system-out/>
  <testcase name="checkTotalResultWithStringValuesTest" time="8.733" classname="com.seasy.ui.tests.form.tests.SimpleFormTest"/>
  <system-out/>
  <testcase name="checkTotalResultWithEmptyFieldsTest" time="8.163" classname="com.seasy.ui.tests.form.tests.SimpleFormTest"/>
  <system-out/>
  <testcase name="checkTotalResultWithIntegerValuesTest" time="8.572" classname="com.seasy.ui.tests.form.tests.SimpleFormTest"/>
  <system-out/>
  <testcase name="checkEmptyMessageTest" time="9.074" classname="com.seasy.ui.tests.form.tests.SimpleFormTest"/>
  <system-out/>
</testsuite> <!-- com.seasy.ui.tests.form.tests.SimpleFormTest -->
