<?xml version="1.0" encoding="UTF-8"?>
<!-- Generated by org.testng.reporters.JUnitReportReporter -->
<testsuite skipped="0" hostname="5CD110DGDQ" name="com.seasy.ui.tests.form.InputFormSubmitTests" tests="3" failures="0" timestamp="2022-07-31T17:59:50 EEST" time="9.838" errors="0">
  <testcase name="checkFromSubmitWithAllDataEntered" time="6.150" classname="com.seasy.ui.tests.form.InputFormSubmitTests"/>
  <system-out/>
  <testcase name="checkDeletedFirstName" time="1.928" classname="com.seasy.ui.tests.form.InputFormSubmitTests"/>
  <system-out/>
  <testcase name="checkSubmitButtonIsDisabled" time="1.760" classname="com.seasy.ui.tests.form.InputFormSubmitTests"/>
  <system-out/>
</testsuite> <!-- com.seasy.ui.tests.form.InputFormSubmitTests -->
