<?xml version="1.0" encoding="UTF-8"?>
<!-- Generated by org.testng.reporters.JUnitReportReporter -->
<testsuite skipped="0" hostname="5CD110DGDQ" name="com.seasy.ui.tests.table.tests.TablePaginationTests" tests="2" failures="0" timestamp="2022-02-20T16:41:24 EET" time="18.957" errors="0">
  <testcase name="checkQuantityOfRowsPerPage" time="9.541" classname="com.seasy.ui.tests.table.tests.TablePaginationTests"/>
  <system-out/>
  <testcase name="checkActiveButtons" time="9.416" classname="com.seasy.ui.tests.table.tests.TablePaginationTests"/>
  <system-out/>
</testsuite> <!-- com.seasy.ui.tests.table.tests.TablePaginationTests -->
