<?xml version="1.0" encoding="UTF-8"?>
<!-- Generated by org.testng.reporters.JUnitReportReporter -->
<testsuite skipped="0" hostname="5CD110DGDQ" name="com.seasy.ui.tests.AjaxSubmitFormTest" tests="3" failures="0" timestamp="2021-10-31T18:03:42 EET" time="11.938" errors="0">
  <testcase name="checkRequiredNameField" time="0.684" classname="com.seasy.ui.tests.AjaxSubmitFormTest"/>
  <system-out/>
  <testcase name="submitForm" time="1.026" classname="com.seasy.ui.tests.AjaxSubmitFormTest"/>
  <system-out/>
  <testcase name="checkFormIsSubmitted" time="10.228" classname="com.seasy.ui.tests.AjaxSubmitFormTest"/>
  <system-out/>
</testsuite> <!-- com.seasy.ui.tests.AjaxSubmitFormTest -->
