<?xml version="1.0" encoding="UTF-8"?>
<!-- Generated by org.testng.reporters.JUnitReportReporter -->
<testsuite skipped="0" hostname="5CD110DGDQ" name="com.seasy.ui.tests.form.tests.CheckBoxTests" tests="7" failures="0" timestamp="2022-02-20T16:41:24 EET" time="11.612" errors="0">
  <testcase name="checkAllCheckboxesAreSelected" time="7.235" classname="com.seasy.ui.tests.form.tests.CheckBoxTests"/>
  <system-out/>
  <testcase name="checkMultipleCheckBoxIsUnselected" time="1.258" classname="com.seasy.ui.tests.form.tests.CheckBoxTests"/>
  <system-out/>
  <testcase name="checkUnselectOfSelectedCheckBoxTest" time="0.485" classname="com.seasy.ui.tests.form.tests.CheckBoxTests"/>
  <system-out/>
  <testcase name="selectSingleCheckBoxTest" time="0.390" classname="com.seasy.ui.tests.form.tests.CheckBoxTests"/>
  <system-out/>
  <testcase name="checkCheckAllButtonWithOneUnselectedCheckbox" time="1.252" classname="com.seasy.ui.tests.form.tests.CheckBoxTests"/>
  <system-out/>
  <testcase name="checkMultipleCheckBoxIsSelected" time="0.648" classname="com.seasy.ui.tests.form.tests.CheckBoxTests"/>
  <system-out/>
  <testcase name="checkUnselectedCheckBox" time="0.344" classname="com.seasy.ui.tests.form.tests.CheckBoxTests"/>
  <system-out/>
</testsuite> <!-- com.seasy.ui.tests.form.tests.CheckBoxTests -->
