<?xml version="1.0" encoding="UTF-8"?>
<!-- Generated by org.testng.reporters.JUnitReportReporter -->
<testsuite skipped="0" hostname="5CD110DGDQ" name="com.seasy.ui.tests.FormTests.SimpleFormTest" tests="1" failures="0" timestamp="2022-02-15T14:04:38 EET" time="6.516" errors="0">
  <testcase name="checkEmptyMessageTest" time="6.516" classname="com.seasy.ui.tests.FormTests.SimpleFormTest"/>
  <system-out/>
</testsuite> <!-- com.seasy.ui.tests.FormTests.SimpleFormTest -->
