<?xml version="1.0" encoding="UTF-8"?>
<!-- Generated by org.testng.reporters.JUnitReportReporter -->
<testsuite skipped="0" hostname="5CD110DGDQ" name="com.seasy.ui.tests.AjaxSubmitFormTest" tests="3" failures="0" timestamp="2021-11-11T22:55:48 EET" time="15.982" errors="0">
  <testcase name="checkFormIsSubmitted" time="13.046" classname="com.seasy.ui.tests.AjaxSubmitFormTest"/>
  <system-out/>
  <testcase name="checkRequiredNameField" time="1.011" classname="com.seasy.ui.tests.AjaxSubmitFormTest"/>
  <system-out/>
  <testcase name="submitForm" time="1.925" classname="com.seasy.ui.tests.AjaxSubmitFormTest"/>
  <system-out/>
</testsuite> <!-- com.seasy.ui.tests.AjaxSubmitFormTest -->
