<?xml version="1.0" encoding="UTF-8"?>
<!-- Generated by org.testng.reporters.JUnitReportReporter -->
<testsuite skipped="0" hostname="5CD110DGDQ" name="com.seasy.ui.tests.FormTests.SimpleFormTest" tests="5" failures="0" timestamp="2021-12-12T18:27:42 EET" time="56.504" errors="0">
  <testcase name="checkTotalResultWithStringValuesTest" time="12.478" classname="com.seasy.ui.tests.FormTests.SimpleFormTest"/>
  <system-out/>
  <testcase name="checkTotalResultWithIntegerValuesTest" time="11.178" classname="com.seasy.ui.tests.FormTests.SimpleFormTest"/>
  <system-out/>
  <testcase name="checkTotalResultWithEmptyFieldsTest" time="10.989" classname="com.seasy.ui.tests.FormTests.SimpleFormTest"/>
  <system-out/>
  <testcase name="checkEmptyMessageTest" time="10.813" classname="com.seasy.ui.tests.FormTests.SimpleFormTest"/>
  <system-out/>
  <testcase name="checkYourMessageTest" time="11.046" classname="com.seasy.ui.tests.FormTests.SimpleFormTest"/>
  <system-out/>
</testsuite> <!-- com.seasy.ui.tests.FormTests.SimpleFormTest -->
