<?xml version="1.0" encoding="UTF-8"?>
<!-- Generated by org.testng.reporters.JUnitReportReporter -->
<testsuite skipped="0" hostname="5CD110DGDQ" name="com.seasy.ui.tests.AjaxSubmitFormTest" tests="3" failures="0" timestamp="2021-10-31T16:26:18 EET" time="16.901" errors="0">
  <testcase name="submitForm" time="1.162" classname="com.seasy.ui.tests.AjaxSubmitFormTest"/>
  <system-out/>
  <testcase name="checkRequiredNameField" time="0.590" classname="com.seasy.ui.tests.AjaxSubmitFormTest"/>
  <system-out/>
  <testcase name="checkFormIsSubmitted" time="15.149" classname="com.seasy.ui.tests.AjaxSubmitFormTest"/>
  <system-out/>
</testsuite> <!-- com.seasy.ui.tests.AjaxSubmitFormTest -->
