<?xml version="1.0" encoding="UTF-8"?>
<!-- Generated by org.testng.reporters.JUnitReportReporter -->
<testsuite skipped="0" hostname="5CD110DGDQ" name="com.seasy.ui.tests.FormTests.RadioButtonPageTest" tests="5" failures="0" timestamp="2021-11-20T19:42:10 EET" time="7.243" errors="0">
  <testcase name="checkUnselectedValue" time="0.702" classname="com.seasy.ui.tests.FormTests.RadioButtonPageTest"/>
  <system-out/>
  <testcase name="checkSelectedFemaleRadioButton" time="0.962" classname="com.seasy.ui.tests.FormTests.RadioButtonPageTest"/>
  <system-out/>
  <testcase name="checkMaleGenderAndFiveToFifteenAgeGroup" time="1.955" classname="com.seasy.ui.tests.FormTests.RadioButtonPageTest"/>
  <system-out/>
  <testcase name="checkSelectMaleRadioButton" time="1.686" classname="com.seasy.ui.tests.FormTests.RadioButtonPageTest"/>
  <system-out/>
  <testcase name="checkFemaleGenderAndZeroToFiveAgeGroup" time="1.938" classname="com.seasy.ui.tests.FormTests.RadioButtonPageTest"/>
  <system-out/>
</testsuite> <!-- com.seasy.ui.tests.FormTests.RadioButtonPageTest -->
