<?xml version="1.0" encoding="UTF-8"?>
<!-- Generated by org.testng.reporters.JUnitReportReporter -->
<testsuite skipped="0" hostname="5CD110DGDQ" name="com.seasy.ui.tests.FormTests.DropDownTests" tests="3" failures="1" timestamp="2021-12-12T18:27:42 EET" time="8.442" errors="0">
  <testcase name="checkSelectedCities" time="5.989" classname="com.seasy.ui.tests.FormTests.DropDownTests">
    <failure type="com.codeborne.selenide.ex.ElementShould" message="Element should be text &#039;Options selected are : Ohio,Florida&#039; {.getall-selected}
Element: &#039;&lt;p class=&quot;getall-selected&quot;&gt;Options selected are : Florida&lt;/p&gt;&#039;
Screenshot: file:/C:/Users/kbuch/Desktop/test-project/ui-tests/build/reports/tests/1639326453525.0.png
Page source: file:/C:/Users/kbuch/Desktop/test-project/ui-tests/build/reports/tests/1639326453525.0.html
Timeout: 4 s.">
      <![CDATA[Element should be text 'Options selected are : Ohio,Florida' {.getall-selected}
Element: '<p class="getall-selected">Options selected are : Florida</p>'
Screenshot: file:/C:/Users/kbuch/Desktop/test-project/ui-tests/build/reports/tests/1639326453525.0.png
Page source: file:/C:/Users/kbuch/Desktop/test-project/ui-tests/build/reports/tests/1639326453525.0.html
Timeout: 4 s.
at com.codeborne.selenide.impl.WebElementSource.checkCondition(WebElementSource.java:121)
at com.codeborne.selenide.commands.Should.execute(Should.java:30)
at com.codeborne.selenide.commands.Should.execute(Should.java:14)
at com.codeborne.selenide.commands.Commands.execute(Commands.java:155)
at com.codeborne.selenide.impl.SelenideElementProxy.dispatchAndRetry(SelenideElementProxy.java:133)
at com.codeborne.selenide.impl.SelenideElementProxy.invoke(SelenideElementProxy.java:85)
at com.sun.proxy.$Proxy7.shouldBe(Unknown Source)
at com.seasy.ui.pages.Forms.DropDownPage.verifySelectedCities(DropDownPage.java:50)
at com.seasy.ui.tests.FormTests.DropDownTests.checkSelectedCities(DropDownTests.java:32)
at sun.reflect.NativeMethodAccessorImpl.invoke0(Native Method)
at sun.reflect.NativeMethodAccessorImpl.invoke(NativeMethodAccessorImpl.java:62)
at sun.reflect.DelegatingMethodAccessorImpl.invoke(DelegatingMethodAccessorImpl.java:43)
at java.lang.reflect.Method.invoke(Method.java:498)
at org.testng.internal.MethodInvocationHelper.invokeMethod(MethodInvocationHelper.java:133)
at org.testng.internal.TestInvoker.invokeMethod(TestInvoker.java:598)
at org.testng.internal.TestInvoker.invokeTestMethod(TestInvoker.java:173)
at org.testng.internal.MethodRunner.runInSequence(MethodRunner.java:46)
at org.testng.internal.TestInvoker$MethodInvocationAgent.invoke(TestInvoker.java:824)
at org.testng.internal.TestInvoker.invokeTestMethods(TestInvoker.java:146)
at org.testng.internal.TestMethodWorker.invokeTestMethods(TestMethodWorker.java:146)
at org.testng.internal.TestMethodWorker.run(TestMethodWorker.java:128)
at java.util.concurrent.ThreadPoolExecutor.runWorker(ThreadPoolExecutor.java:1149)
at java.util.concurrent.ThreadPoolExecutor$Worker.run(ThreadPoolExecutor.java:624)
at java.lang.Thread.run(Thread.java:748)
]]>
    </failure>
  </testcase> <!-- checkSelectedCities -->
  <system-out/>
  <testcase name="checkSelectedDayFromDropDown" time="1.120" classname="com.seasy.ui.tests.FormTests.DropDownTests"/>
  <system-out/>
  <testcase name="checkSelectedCity" time="1.333" classname="com.seasy.ui.tests.FormTests.DropDownTests"/>
  <system-out/>
</testsuite> <!-- com.seasy.ui.tests.FormTests.DropDownTests -->
