<?xml version="1.0" encoding="UTF-8"?>
<!-- Generated by org.testng.reporters.JUnitReportReporter -->
<testsuite skipped="0" hostname="5CD110DGDQ" name="com.seasy.ui.tests.SimpleFormTest" tests="5" failures="0" timestamp="2021-10-31T16:26:18 EET" time="8.468" errors="0">
  <testcase name="checkEmptyMessageTest" time="3.440" classname="com.seasy.ui.tests.SimpleFormTest"/>
  <system-out/>
  <testcase name="checkTotalResultWithEmptyFieldsTest" time="1.475" classname="com.seasy.ui.tests.SimpleFormTest"/>
  <system-out/>
  <testcase name="checkTotalResultWithIntegerValuesTest" time="1.266" classname="com.seasy.ui.tests.SimpleFormTest"/>
  <system-out/>
  <testcase name="checkTotalResultWithStringValuesTest" time="1.242" classname="com.seasy.ui.tests.SimpleFormTest"/>
  <system-out/>
  <testcase name="checkYourMessageTest" time="1.045" classname="com.seasy.ui.tests.SimpleFormTest"/>
  <system-out/>
</testsuite> <!-- com.seasy.ui.tests.SimpleFormTest -->
