<?xml version="1.0" encoding="UTF-8"?>
<!-- Generated by org.testng.reporters.JUnitReportReporter -->
<testsuite skipped="0" hostname="5CD110DGDQ" name="com.seasy.ui.tests.FormTests.AjaxSubmitFormTest" tests="3" failures="0" timestamp="2021-11-20T19:42:10 EET" time="13.144" errors="0">
  <testcase name="checkRequiredNameField" time="2.451" classname="com.seasy.ui.tests.FormTests.AjaxSubmitFormTest"/>
  <system-out/>
  <testcase name="checkFormIsSubmitted" time="6.388" classname="com.seasy.ui.tests.FormTests.AjaxSubmitFormTest"/>
  <system-out/>
  <testcase name="submitForm" time="4.305" classname="com.seasy.ui.tests.FormTests.AjaxSubmitFormTest"/>
  <system-out/>
</testsuite> <!-- com.seasy.ui.tests.FormTests.AjaxSubmitFormTest -->
