<?xml version="1.0" encoding="UTF-8"?>
<!-- Generated by org.testng.reporters.JUnitReportReporter -->
<testsuite skipped="0" hostname="5CD110DGDQ" name="com.seasy.ui.tests.InputFormSubmitTest" tests="3" failures="0" timestamp="2021-10-31T18:03:42 EET" time="6.473" errors="0">
  <testcase name="checkDeletedFirstName" time="1.744" classname="com.seasy.ui.tests.InputFormSubmitTest"/>
  <system-out/>
  <testcase name="checkFromSubmitWithAllDataEntered" time="3.555" classname="com.seasy.ui.tests.InputFormSubmitTest"/>
  <system-out/>
  <testcase name="checkSubmitButtonIsDisabled" time="1.174" classname="com.seasy.ui.tests.InputFormSubmitTest"/>
  <system-out/>
</testsuite> <!-- com.seasy.ui.tests.InputFormSubmitTest -->
