<?xml version="1.0" encoding="UTF-8"?>
<!-- Generated by org.testng.reporters.JUnitReportReporter -->
<testsuite skipped="0" hostname="5CD110DGDQ" name="com.seasy.ui.tests.form.InputFormSubmitTests" tests="3" failures="0" timestamp="2022-04-22T12:06:21 EEST" time="6.726" errors="0">
  <testcase name="checkFromSubmitWithAllDataEntered" time="3.850" classname="com.seasy.ui.tests.form.InputFormSubmitTests"/>
  <system-out/>
  <testcase name="checkSubmitButtonIsDisabled" time="1.199" classname="com.seasy.ui.tests.form.InputFormSubmitTests"/>
  <system-out/>
  <testcase name="checkDeletedFirstName" time="1.677" classname="com.seasy.ui.tests.form.InputFormSubmitTests"/>
  <system-out/>
</testsuite> <!-- com.seasy.ui.tests.form.InputFormSubmitTests -->
