<?xml version="1.0" encoding="UTF-8"?>
<!-- Generated by org.testng.reporters.JUnitReportReporter -->
<testsuite skipped="0" hostname="5CD110DGDQ" name="com.seasy.ui.tests.InputFormSubmitTest" tests="3" failures="0" timestamp="2021-10-31T16:26:18 EET" time="9.061" errors="0">
  <testcase name="checkDeletedFirstName" time="2.257" classname="com.seasy.ui.tests.InputFormSubmitTest"/>
  <system-out/>
  <testcase name="checkSubmitButtonIsDisabled" time="1.657" classname="com.seasy.ui.tests.InputFormSubmitTest"/>
  <system-out/>
  <testcase name="checkFromSubmitWithAllDataEntered" time="5.147" classname="com.seasy.ui.tests.InputFormSubmitTest"/>
  <system-out/>
</testsuite> <!-- com.seasy.ui.tests.InputFormSubmitTest -->
