<?xml version="1.0" encoding="UTF-8"?>
<!-- Generated by org.testng.reporters.JUnitReportReporter -->
<testsuite skipped="0" hostname="5CD110DGDQ" name="com.seasy.ui.tests.InputFormSubmitTest" tests="3" failures="0" timestamp="2021-11-11T22:55:48 EET" time="15.341" errors="0">
  <testcase name="checkDeletedFirstName" time="2.990" classname="com.seasy.ui.tests.InputFormSubmitTest"/>
  <system-out/>
  <testcase name="checkSubmitButtonIsDisabled" time="2.859" classname="com.seasy.ui.tests.InputFormSubmitTest"/>
  <system-out/>
  <testcase name="checkFromSubmitWithAllDataEntered" time="9.492" classname="com.seasy.ui.tests.InputFormSubmitTest"/>
  <system-out/>
</testsuite> <!-- com.seasy.ui.tests.InputFormSubmitTest -->
