<?xml version="1.0" encoding="UTF-8"?>
<!-- Generated by org.testng.reporters.JUnitReportReporter -->
<testsuite skipped="0" hostname="5CD110DGDQ" name="com.seasy.ui.tests.FormTests.CheckBoxTest" tests="7" failures="0" timestamp="2021-11-20T19:42:10 EET" time="10.908" errors="0">
  <testcase name="selectSingleCheckBoxTest" time="0.737" classname="com.seasy.ui.tests.FormTests.CheckBoxTest"/>
  <system-out/>
  <testcase name="checkUnselectOfSelectedCheckBoxTest" time="1.317" classname="com.seasy.ui.tests.FormTests.CheckBoxTest"/>
  <system-out/>
  <testcase name="checkMultipleCheckBoxIsUnselected" time="2.676" classname="com.seasy.ui.tests.FormTests.CheckBoxTest"/>
  <system-out/>
  <testcase name="checkAllCheckboxesAreSelected" time="1.841" classname="com.seasy.ui.tests.FormTests.CheckBoxTest"/>
  <system-out/>
  <testcase name="checkUnselectedCheckBox" time="0.501" classname="com.seasy.ui.tests.FormTests.CheckBoxTest"/>
  <system-out/>
  <testcase name="checkCheckAllButtonWithOneUnselectedCheckbox" time="2.454" classname="com.seasy.ui.tests.FormTests.CheckBoxTest"/>
  <system-out/>
  <testcase name="checkMultipleCheckBoxIsSelected" time="1.382" classname="com.seasy.ui.tests.FormTests.CheckBoxTest"/>
  <system-out/>
</testsuite> <!-- com.seasy.ui.tests.FormTests.CheckBoxTest -->
