<?xml version="1.0" encoding="UTF-8"?>
<!-- Generated by org.testng.reporters.JUnitReportReporter -->
<testsuite skipped="0" hostname="5CD110DGDQ" name="com.seasy.ui.tests.SimpleFormTest" tests="5" failures="0" timestamp="2021-11-11T22:55:48 EET" time="10.276" errors="0">
  <testcase name="checkYourMessageTest" time="1.445" classname="com.seasy.ui.tests.SimpleFormTest"/>
  <system-out/>
  <testcase name="checkTotalResultWithEmptyFieldsTest" time="1.358" classname="com.seasy.ui.tests.SimpleFormTest"/>
  <system-out/>
  <testcase name="checkTotalResultWithStringValuesTest" time="1.743" classname="com.seasy.ui.tests.SimpleFormTest"/>
  <system-out/>
  <testcase name="checkEmptyMessageTest" time="3.962" classname="com.seasy.ui.tests.SimpleFormTest"/>
  <system-out/>
  <testcase name="checkTotalResultWithIntegerValuesTest" time="1.768" classname="com.seasy.ui.tests.SimpleFormTest"/>
  <system-out/>
</testsuite> <!-- com.seasy.ui.tests.SimpleFormTest -->
