<?xml version="1.0" encoding="UTF-8"?>
<!-- Generated by org.testng.reporters.JUnitReportReporter -->
<testsuite skipped="0" hostname="5CD110DGDQ" name="com.seasy.ui.tests.FormTests.InputFormSubmitTest" tests="3" failures="0" timestamp="2021-12-12T18:27:42 EET" time="15.453" errors="0">
  <testcase name="checkDeletedFirstName" time="3.208" classname="com.seasy.ui.tests.FormTests.InputFormSubmitTest"/>
  <system-out/>
  <testcase name="checkSubmitButtonIsDisabled" time="3.185" classname="com.seasy.ui.tests.FormTests.InputFormSubmitTest"/>
  <system-out/>
  <testcase name="checkFromSubmitWithAllDataEntered" time="9.060" classname="com.seasy.ui.tests.FormTests.InputFormSubmitTest"/>
  <system-out/>
</testsuite> <!-- com.seasy.ui.tests.FormTests.InputFormSubmitTest -->
