<?xml version="1.0" encoding="UTF-8"?>
<!-- Generated by org.testng.reporters.JUnitReportReporter -->
<testsuite skipped="0" hostname="5CD110DGDQ" name="com.seasy.ui.tests.FormTests.InputFormSubmitTests" tests="3" failures="0" timestamp="2022-02-15T14:04:38 EET" time="10.249" errors="0">
  <testcase name="checkDeletedFirstName" time="10.244" classname="com.seasy.ui.tests.FormTests.InputFormSubmitTests"/>
  <system-out/>
  <testcase name="checkSubmitButtonIsDisabled" time="0.002" classname="com.seasy.ui.tests.FormTests.InputFormSubmitTests"/>
  <system-out/>
  <testcase name="checkFromSubmitWithAllDataEntered" time="0.003" classname="com.seasy.ui.tests.FormTests.InputFormSubmitTests"/>
  <system-out/>
</testsuite> <!-- com.seasy.ui.tests.FormTests.InputFormSubmitTests -->
