<?xml version="1.0" encoding="UTF-8"?>
<!-- Generated by org.testng.reporters.JUnitReportReporter -->
<testsuite skipped="0" hostname="5CD110DGDQ" name="com.seasy.ui.tests.FormTests.RadioButtonPageTest" tests="5" failures="0" timestamp="2021-12-12T18:27:42 EET" time="5.569" errors="0">
  <testcase name="checkMaleGenderAndFiveToFifteenAgeGroup" time="1.266" classname="com.seasy.ui.tests.FormTests.RadioButtonPageTest"/>
  <system-out/>
  <testcase name="checkUnselectedValue" time="0.815" classname="com.seasy.ui.tests.FormTests.RadioButtonPageTest"/>
  <system-out/>
  <testcase name="checkSelectedFemaleRadioButton" time="0.958" classname="com.seasy.ui.tests.FormTests.RadioButtonPageTest"/>
  <system-out/>
  <testcase name="checkSelectMaleRadioButton" time="0.976" classname="com.seasy.ui.tests.FormTests.RadioButtonPageTest"/>
  <system-out/>
  <testcase name="checkFemaleGenderAndZeroToFiveAgeGroup" time="1.554" classname="com.seasy.ui.tests.FormTests.RadioButtonPageTest"/>
  <system-out/>
</testsuite> <!-- com.seasy.ui.tests.FormTests.RadioButtonPageTest -->
