<?xml version="1.0" encoding="UTF-8"?>
<!-- Generated by org.testng.reporters.JUnitReportReporter -->
<testsuite skipped="0" hostname="5CD110DGDQ" name="com.seasy.ui.tests.table.tests.TableDataSearchTests" tests="3" failures="0" timestamp="2022-02-20T16:41:24 EET" time="29.856" errors="0">
  <testcase name="removingDataAfterSearchingInSimpleTable" time="9.591" classname="com.seasy.ui.tests.table.tests.TableDataSearchTests"/>
  <system-out/>
  <testcase name="checkFilterInSimpleTable" time="9.451" classname="com.seasy.ui.tests.table.tests.TableDataSearchTests"/>
  <system-out/>
  <testcase name="checkFiltersInTableWithFilters" time="10.814" classname="com.seasy.ui.tests.table.tests.TableDataSearchTests"/>
  <system-out/>
</testsuite> <!-- com.seasy.ui.tests.table.tests.TableDataSearchTests -->
