<?xml version="1.0" encoding="UTF-8"?>
<!-- Generated by org.testng.reporters.JUnitReportReporter -->
<testsuite skipped="0" hostname="5CD110DGDQ" name="com.seasy.ui.tests.FormTests.CheckBoxTest" tests="7" failures="0" timestamp="2021-12-12T18:27:42 EET" time="8.302" errors="0">
  <testcase name="checkMultipleCheckBoxIsUnselected" time="2.016" classname="com.seasy.ui.tests.FormTests.CheckBoxTest"/>
  <system-out/>
  <testcase name="checkUnselectOfSelectedCheckBoxTest" time="0.617" classname="com.seasy.ui.tests.FormTests.CheckBoxTest"/>
  <system-out/>
  <testcase name="checkMultipleCheckBoxIsSelected" time="1.091" classname="com.seasy.ui.tests.FormTests.CheckBoxTest"/>
  <system-out/>
  <testcase name="checkAllCheckboxesAreSelected" time="1.410" classname="com.seasy.ui.tests.FormTests.CheckBoxTest"/>
  <system-out/>
  <testcase name="checkCheckAllButtonWithOneUnselectedCheckbox" time="2.080" classname="com.seasy.ui.tests.FormTests.CheckBoxTest"/>
  <system-out/>
  <testcase name="checkUnselectedCheckBox" time="0.436" classname="com.seasy.ui.tests.FormTests.CheckBoxTest"/>
  <system-out/>
  <testcase name="selectSingleCheckBoxTest" time="0.652" classname="com.seasy.ui.tests.FormTests.CheckBoxTest"/>
  <system-out/>
</testsuite> <!-- com.seasy.ui.tests.FormTests.CheckBoxTest -->
