<?xml version="1.0" encoding="UTF-8"?>
<!-- Generated by org.testng.reporters.JUnitReportReporter -->
<testsuite skipped="0" hostname="5CD110DGDQ" name="com.seasy.ui.tests.form.tests.InputFormSubmitTests" tests="3" failures="0" timestamp="2022-02-20T16:41:24 EET" time="6.227" errors="0">
  <testcase name="checkSubmitButtonIsDisabled" time="1.053" classname="com.seasy.ui.tests.form.tests.InputFormSubmitTests"/>
  <system-out/>
  <testcase name="checkFromSubmitWithAllDataEntered" time="3.650" classname="com.seasy.ui.tests.form.tests.InputFormSubmitTests"/>
  <system-out/>
  <testcase name="checkDeletedFirstName" time="1.524" classname="com.seasy.ui.tests.form.tests.InputFormSubmitTests"/>
  <system-out/>
</testsuite> <!-- com.seasy.ui.tests.form.tests.InputFormSubmitTests -->
